sample.interval=20000
"tryCatchList" "tryCatch" ".rs.getHelpFromObject" ".rs.getHelpFunction" "<Anonymous>" 
".rs.getHelpFromObject" ".rs.getHelpFunction" "<Anonymous>" 
"file.exists" "index.search" "<Anonymous>" "eval" "eval" "doTryCatch" "tryCatchOne" "tryCatchList" "tryCatch" ".rs.getHelp" ".rs.getHelpFromObject" ".rs.getHelpFunction" "<Anonymous>" 
"FUN" "lapply" "sapply" "RdTags" "writeContent" "writeContent" "writeSection" "Rd2HTML" "<Anonymous>" ".rs.getHelp" ".rs.getHelpFromObject" ".rs.getHelpFunction" "<Anonymous>" 
"grepl" "ifelse" "urlify" "paste0" "writeLink" "writeBlock" "writeContent" "writeWrapped" "writeBlock" "writeContent" "writeContent" "writeBlock" "writeContent" "writeSection" "Rd2HTML" "<Anonymous>" ".rs.getHelp" ".rs.getHelpFromObject" ".rs.getHelpFunction" "<Anonymous>" 
"is.function" "match.fun" "sapply" "RdTags" "writeSection" "Rd2HTML" "<Anonymous>" ".rs.getHelp" ".rs.getHelpFromObject" ".rs.getHelpFunction" "<Anonymous>" 
"readLines" "paste" "<Anonymous>" ".rs.getHelp" ".rs.getHelpFromObject" ".rs.getHelpFunction" "<Anonymous>" 
"readRDS" "index.search" "help" "eval" "eval" "?" 
"grep" "isBlankLineRd" "addParaBreaks" "writeLines" "writeLinesUTF8" "of1" "writeBlock" "writeContent" "writeSection" "Rd2HTML" "<Anonymous>" "doTryCatch" "tryCatchOne" "tryCatchList" "tryCatch" "try" 
"file.exists" "FUN" "lapply" "find.package" "index.search" "help" "eval" "eval" "?" 
"grepl" "blankLine" "Rd2txt" "tryCatchList" "tryCatch" ".Rd_get_text" ".Rd_get_title" "gsub" ".Rd_format_title" "strwrap" "Rd2HTML" "<Anonymous>" "doTryCatch" "tryCatchOne" "tryCatchList" "tryCatch" "try" 
"ifelse" "urlify" "paste0" "writeLink" "writeBlock" "writeContent" "writeWrapped" "writeBlock" "writeContent" "writeSection" "Rd2HTML" "<Anonymous>" "doTryCatch" "tryCatchOne" "tryCatchList" "tryCatch" "try" 
"ls" "FUN" "lapply" ".rs.objectsOnSearchPath" ".rs.getCompletionsSearchPath" "Reduce" "<Anonymous>" 
"getClassDef" "is" "doTryCatch" "tryCatchOne" "tryCatchList" "tryCatch" ".rs.valueDescription" "<Anonymous>" 
"lazyLoadDBfetch" "mget" "doTryCatch" "tryCatchOne" "tryCatchList" "tryCatch" ".rs.getHelpFromObject" ".rs.getHelpFunction" "<Anonymous>" 
"lazyLoadDBfetch" "mget" "doTryCatch" "tryCatchOne" "tryCatchList" "tryCatch" ".rs.getHelpFromObject" ".rs.getHelpFunction" "<Anonymous>" 
".rs.getHelpFromObject" ".rs.getHelpFunction" "<Anonymous>" 
"formals" "as.list" ".rs.getHelpFromObject" ".rs.getHelpFunction" "<Anonymous>" 
"formals" "as.list" ".rs.getHelpFromObject" ".rs.getHelpFunction" "<Anonymous>" 
"formals" "as.list" ".rs.getHelpFromObject" ".rs.getHelpFunction" "<Anonymous>" 
"formals" "as.list" ".rs.getHelpFromObject" ".rs.getHelpFunction" "<Anonymous>" 
"formals" "as.list" ".rs.getHelpFromObject" ".rs.getHelpFunction" "<Anonymous>" 
"writeLines" "writeLinesUTF8" "of0" "Rd2HTML" "<Anonymous>" ".rs.getHelp" ".rs.getHelpFromObject" ".rs.getHelpFunction" "<Anonymous>" 
"match" "%in%" "writeContent" "writeSection" "Rd2HTML" "<Anonymous>" ".rs.getHelp" ".rs.getHelpFromObject" ".rs.getHelpFunction" "<Anonymous>" 
"of1" "writeContent" "writeSection" "Rd2HTML" "<Anonymous>" ".rs.getHelp" ".rs.getHelpFromObject" ".rs.getHelpFunction" "<Anonymous>" 
"grep" "isBlankRd" "writeContent" "writeSection" "Rd2HTML" "<Anonymous>" ".rs.getHelp" ".rs.getHelpFromObject" ".rs.getHelpFunction" "<Anonymous>" 
"writeBlock" "writeContent" "writeSection" "Rd2HTML" "<Anonymous>" ".rs.getHelp" ".rs.getHelpFromObject" ".rs.getHelpFunction" "<Anonymous>" 
"readLines" "paste" "<Anonymous>" ".rs.getHelp" ".rs.getHelpFromObject" ".rs.getHelpFunction" "<Anonymous>" 
"lazyLoadDBfetch" "get" "inherits" ".rs.getCompletionType" "doTryCatch" "tryCatchOne" "tryCatchList" "tryCatch" "FUN" "vapply" ".rs.getCompletionsSearchPath" "Reduce" "<Anonymous>" 
"grep" "ls" "FUN" "lapply" ".rs.objectsOnSearchPath" ".rs.getCompletionsSearchPath" "Reduce" "<Anonymous>" 
".rs.makeCompletions" ".rs.getCompletionsSearchPath" "Reduce" "<Anonymous>" 
"file.exists" "find.package" "index.search" "help" "eval" "eval" "?" 
"readRDS" "<Anonymous>" ".rs.getHelp" "<Anonymous>" 
"grep" "isBlankRd" "writeWrapped" "writeBlock" "writeContent" "writeSection" "Rd2HTML" "<Anonymous>" ".rs.getHelp" "<Anonymous>" 
"grepl" "urlify" "paste0" "writeLink" "writeBlock" "writeContent" "writeWrapped" "writeBlock" "writeContent" "writeSection" "Rd2HTML" "<Anonymous>" ".rs.getHelp" "<Anonymous>" 
"readRDS" "index.search" "help" "eval" "eval" "?" 
"getwd" "srcfilecopy" "parse" "withCallingHandlers" "suppressWarnings" "doTryCatch" "tryCatchOne" "tryCatchList" "tryCatch" ".rs.getAnywhere" "<Anonymous>" 
"getwd" "srcfilecopy" "parse" "withCallingHandlers" "suppressWarnings" "doTryCatch" "tryCatchOne" "tryCatchList" "tryCatch" ".rs.getAnywhere" "<Anonymous>" 
"rep.int" "FUN" "lapply" "unlist" ".rs.getCompletionsSearchPath" "Reduce" "<Anonymous>" 
"ls" "FUN" "lapply" ".rs.objectsOnSearchPath" ".rs.getCompletionsSearchPath" "Reduce" "<Anonymous>" 
"ls" "FUN" "lapply" ".rs.objectsOnSearchPath" ".rs.getCompletionsSearchPath" "Reduce" "<Anonymous>" 
"grep" "ls" "FUN" "lapply" ".rs.objectsOnSearchPath" ".rs.getCompletionsSearchPath" "Reduce" "<Anonymous>" 
"as.list.default" "as.list" ".rs.getHelpFromObject" ".rs.getHelpFunction" "<Anonymous>" 
"environment" "doTryCatch" "tryCatchOne" "tryCatchList" "tryCatch" ".rs.getHelpFromObject" ".rs.getHelpFunction" "<Anonymous>" 
"close.connection" "close" "readRDS" "<Anonymous>" ".rs.getHelp" ".rs.getHelpFromObject" ".rs.getHelpFunction" "<Anonymous>" 
"of0" "writeWrapped" "writeBlock" "writeContent" "writeSection" "Rd2HTML" "<Anonymous>" ".rs.getHelp" ".rs.getHelpFromObject" ".rs.getHelpFunction" "<Anonymous>" 
"close.connection" "close" "readRDS" "index.search" "<Anonymous>" "eval" "eval" "doTryCatch" "tryCatchOne" "tryCatchList" "tryCatch" ".rs.getHelp" ".rs.getHelpFromObject" ".rs.getHelpFunction" "<Anonymous>" 
"writeLines" "writeLinesUTF8" "of1" "writeBlock" "writeContent" "writeContent" "writeSection" "Rd2HTML" "<Anonymous>" ".rs.getHelp" ".rs.getHelpFromObject" ".rs.getHelpFunction" "<Anonymous>" 
"grepl" "addParaBreaks" "writeLines" "writeLinesUTF8" "of1" "writeBlock" "writeContent" "writeContent" "writeSection" "Rd2HTML" "<Anonymous>" ".rs.getHelp" ".rs.getHelpFromObject" ".rs.getHelpFunction" "<Anonymous>" 
"writeLines" "writeLinesUTF8" "of1" "writeBlock" "writeContent" "writeSection" "Rd2HTML" "<Anonymous>" ".rs.getHelp" ".rs.getHelpFromObject" ".rs.getHelpFunction" "<Anonymous>" 
"grepl" "ifelse" "urlify" "paste0" "writeLink" "writeBlock" "writeContent" "writeWrapped" "writeBlock" "writeContent" "writeSection" "Rd2HTML" "<Anonymous>" ".rs.getHelp" ".rs.getHelpFromObject" ".rs.getHelpFunction" "<Anonymous>" 
"as.list" ".rs.callsUseMethod" ".rs.callsUseMethod" ".rs.callsUseMethod" ".rs.callsUseMethod" ".rs.callsUseMethod" ".rs.callsUseMethod" ".rs.isS3Generic" "doTryCatch" "tryCatchOne" "tryCatchList" "tryCatch" ".rs.resolveFormals" ".rs.getCompletionsFunction" ".rs.appendCompletions" ".rs.getRCompletions" ".rs.appendCompletions" "<Anonymous>" 
"file.exists" "index.search" "<Anonymous>" "eval" "eval" "doTryCatch" "tryCatchOne" "tryCatchList" "tryCatch" ".rs.getHelp" ".rs.getHelpFromObject" ".rs.getHelpArgument" "<Anonymous>" 
"writeLines" "writeLinesUTF8" "of1" "writeBlock" "writeContent" "writeContent" "writeSection" "Rd2HTML" "<Anonymous>" ".rs.getHelp" ".rs.getHelpFromObject" ".rs.getHelpArgument" "<Anonymous>" 
"htmlify" "isBlankLineRd" "addParaBreaks" "writeLines" "writeLinesUTF8" "of1" "writeBlock" "writeContent" "writeContent" "writeSection" "Rd2HTML" "<Anonymous>" ".rs.getHelp" ".rs.getHelpFromObject" ".rs.getHelpArgument" "<Anonymous>" 
"psub" "addParaBreaks" "writeLines" "writeLinesUTF8" "of1" "writeBlock" "writeContent" "writeSection" "Rd2HTML" "<Anonymous>" ".rs.getHelp" ".rs.getHelpFromObject" ".rs.getHelpArgument" "<Anonymous>" 
"paste" "get_link" "writeLink" "writeBlock" "writeContent" "writeWrapped" "writeBlock" "writeContent" "writeSection" "Rd2HTML" "<Anonymous>" ".rs.getHelp" ".rs.getHelpFromObject" ".rs.getHelpArgument" "<Anonymous>" 
"scan" "read.table" "read.csv" 
"scan" "read.table" "read.csv" 
"scan" "read.table" "read.csv" 
"scan" "read.table" "read.csv" 
"scan" "read.table" "read.csv" 
"scan" "read.table" "read.csv" 
"scan" "read.table" "read.csv" 
"scan" "read.table" "read.csv" 
"scan" "read.table" "read.csv" 
"scan" "read.table" "read.csv" 
"scan" "read.table" "read.csv" 
"scan" "read.table" "read.csv" 
"scan" "read.table" "read.csv" 
"scan" "read.table" "read.csv" 
"scan" "read.table" "read.csv" 
"scan" "read.table" "read.csv" 
"scan" "read.table" "read.csv" 
"scan" "read.table" "read.csv" 
"scan" "read.table" "read.csv" 
"scan" "read.table" "read.csv" 
"scan" "read.table" "read.csv" 
"scan" "read.table" "read.csv" 
"structure" "object.size" "<Anonymous>" 
"ls" "FUN" "lapply" ".rs.objectsOnSearchPath" ".rs.getCompletionsSearchPath" "Reduce" "<Anonymous>" 
".rs.getHelpFromObject" ".rs.getHelpFunction" "<Anonymous>" 
"close.connection" "close" "Rd2HTML" "<Anonymous>" ".rs.getHelp" ".rs.getHelpFromObject" ".rs.getHelpFunction" "<Anonymous>" 
"ls" "FUN" "lapply" ".rs.objectsOnSearchPath" ".rs.getCompletionsSearchPath" "Reduce" "<Anonymous>" 
"print.default" "print" "print.data.frame" "print" 
"getwd" "srcfilecopy" "parse" "withCallingHandlers" "suppressWarnings" "doTryCatch" "tryCatchOne" "tryCatchList" "tryCatch" ".rs.getAnywhere" ".rs.resolveObjectFromFunctionCall" ".rs.getCompletionsFunction" ".rs.appendCompletions" ".rs.getRCompletions" ".rs.appendCompletions" "<Anonymous>" 
".rs.stripSurrounding" ".rs.getAnywhere" ".rs.resolveObjectFromFunctionCall" ".rs.getCompletionsArgument" ".rs.getCompletionsFunction" ".rs.appendCompletions" ".rs.getRCompletions" ".rs.appendCompletions" "<Anonymous>" 
"encodeString" "str.default" "str" "<Anonymous>" "do.call" "strSub" "str.default" "NextMethod" "str.data.frame" "str" 
"str.default" "str" "<Anonymous>" "do.call" "strSub" "str.default" "NextMethod" "str.data.frame" "str" 
"encodeString" "str.default" "str" "<Anonymous>" "do.call" "strSub" "str.default" "NextMethod" "str.data.frame" "str" 
"ls" "FUN" "lapply" ".rs.objectsOnSearchPath" ".rs.getCompletionsSearchPath" "Reduce" "<Anonymous>" 
"grep" "ls" "FUN" "lapply" ".rs.objectsOnSearchPath" ".rs.getCompletionsSearchPath" "Reduce" "<Anonymous>" 
"c" ".rs.getHelpFromObject" ".rs.getHelpFunction" "<Anonymous>" 
"gzfile" "readRDS" "lazyLoadDBexec" "<Anonymous>" "<Anonymous>" "prepare_Rd" "Rd2HTML" "<Anonymous>" ".rs.getHelp" ".rs.getHelpFromObject" ".rs.getHelpFunction" "<Anonymous>" 
"lapply" "sapply" "RdTags" "writeSection" "Rd2HTML" "<Anonymous>" ".rs.getHelp" ".rs.getHelpFromObject" ".rs.getHelpFunction" "<Anonymous>" 
"paste0" "FUN" "vapply" "urlify" "paste0" "writeLines" "writeLinesUTF8" "of0" "writeBlock" "writeContent" "writeSection" "Rd2HTML" "<Anonymous>" ".rs.getHelp" ".rs.getHelpFromObject" ".rs.getHelpFunction" "<Anonymous>" 
"grep" "ls" "FUN" "lapply" ".rs.objectsOnSearchPath" ".rs.getCompletionsSearchPath" "Reduce" "<Anonymous>" 
"structure" "object.size" "<Anonymous>" 
".External2" "plot.new" "plot.histogram" "plot" "hist.default" "hist" 
".External2" "plot.new" "plot.histogram" "plot" "hist.default" "hist" 
"axis" "plot.histogram" "plot" "hist.default" "hist" 
"ls" "FUN" "lapply" ".rs.objectsOnSearchPath" ".rs.getCompletionsSearchPath" "Reduce" "<Anonymous>" 
"ls" "FUN" "lapply" ".rs.objectsOnSearchPath" ".rs.getCompletionsSearchPath" "Reduce" "<Anonymous>" 
"grep" "ls" "FUN" "lapply" ".rs.objectsOnSearchPath" ".rs.getCompletionsSearchPath" "Reduce" "<Anonymous>" 
".rs.getHelpFromObject" ".rs.getHelpFunction" "<Anonymous>" 
"unique" "simplify2array" "sapply" "RdTags" "writeContent" "writeWrapped" "writeBlock" "writeContent" "writeSection" "Rd2HTML" "<Anonymous>" ".rs.getHelp" ".rs.getHelpFromObject" ".rs.getHelpFunction" "<Anonymous>" 
"file" "readLines" "paste" "<Anonymous>" ".rs.getHelp" ".rs.getHelpFromObject" ".rs.getHelpFunction" "<Anonymous>" 
"getwd" "srcfilecopy" "parse" "doTryCatch" "tryCatchOne" "tryCatchList" "tryCatch" "<Anonymous>" 
"grep" "ls" "FUN" "lapply" ".rs.objectsOnSearchPath" ".rs.getCompletionsSearchPath" "Reduce" "<Anonymous>" 
"scan" "read.table" "read.csv" 
"scan" "read.table" "read.csv" 
"scan" "read.table" "read.csv" 
"scan" "read.table" "read.csv" 
"scan" "read.table" "read.csv" 
"scan" "read.table" "read.csv" 
"scan" "read.table" "read.csv" 
"scan" "read.table" "read.csv" 
"scan" "read.table" "read.csv" 
"scan" "read.table" "read.csv" 
"scan" "read.table" "read.csv" 
"scan" "read.table" "read.csv" 
"scan" "read.table" "read.csv" 
"scan" "read.table" "read.csv" 
"scan" "read.table" "read.csv" 
"scan" "read.table" "read.csv" 
"scan" "read.table" "read.csv" 
"scan" "read.table" "read.csv" 
"scan" "read.table" "read.csv" 
"scan" "read.table" "read.csv" 
"scan" "read.table" "read.csv" 
"scan" "read.table" "read.csv" 
"scan" "read.table" "read.csv" 
"structure" "object.size" "<Anonymous>" 
"scan" "read.table" "read.csv" 
"scan" "read.table" "read.csv" 
"scan" "read.table" "read.csv" 
"scan" "read.table" "read.csv" 
"scan" "read.table" "read.csv" 
"scan" "read.table" "read.csv" 
"scan" "read.table" "read.csv" 
"scan" "read.table" "read.csv" 
"scan" "read.table" "read.csv" 
"scan" "read.table" "read.csv" 
"scan" "read.table" "read.csv" 
"scan" "read.table" "read.csv" 
"scan" "read.table" "read.csv" 
"scan" "read.table" "read.csv" 
"scan" "read.table" "read.csv" 
"scan" "read.table" "read.csv" 
"scan" "read.table" "read.csv" 
"scan" "read.table" "read.csv" 
"scan" "read.table" "read.csv" 
"scan" "read.table" "read.csv" 
"scan" "read.table" "read.csv" 
"scan" "read.table" "read.csv" 
"scan" "read.table" "read.csv" 
"structure" "object.size" "<Anonymous>" 
"structure" "object.size" "<Anonymous>" 
"structure" "object.size" "<Anonymous>" 
".External" "read.table" "read.csv" 
"scan" "read.table" "read.csv" 
"scan" "read.table" "read.csv" 
"scan" "read.table" "read.csv" 
"scan" "read.table" "read.csv" 
"scan" "read.table" "read.csv" 
"scan" "read.table" "read.csv" 
"scan" "read.table" "read.csv" 
"scan" "read.table" "read.csv" 
"scan" "read.table" "read.csv" 
"scan" "read.table" "read.csv" 
"scan" "read.table" "read.csv" 
"scan" "read.table" "read.csv" 
"scan" "read.table" "read.csv" 
"scan" "read.table" "read.csv" 
"scan" "read.table" "read.csv" 
"scan" "read.table" "read.csv" 
"scan" "read.table" "read.csv" 
"scan" "read.table" "read.csv" 
"scan" "read.table" "read.csv" 
"scan" "read.table" "read.csv" 
"scan" "read.table" "read.csv" 
"scan" "read.table" "read.csv" 
"structure" "object.size" "<Anonymous>" 
"scan" "read.table" "read.csv" 
"scan" "read.table" "read.csv" 
"scan" "read.table" "read.csv" 
"scan" "read.table" "read.csv" 
"scan" "read.table" "read.csv" 
"scan" "read.table" "read.csv" 
"scan" "read.table" "read.csv" 
"scan" "read.table" "read.csv" 
"scan" "read.table" "read.csv" 
"scan" "read.table" "read.csv" 
"scan" "read.table" "read.csv" 
"scan" "read.table" "read.csv" 
"scan" "read.table" "read.csv" 
"scan" "read.table" "read.csv" 
"scan" "read.table" "read.csv" 
"scan" "read.table" "read.csv" 
"scan" "read.table" "read.csv" 
"scan" "read.table" "read.csv" 
"scan" "read.table" "read.csv" 
"scan" "read.table" "read.csv" 
"scan" "read.table" "read.csv" 
"scan" "read.table" "read.csv" 
"save" "save.image" "sys.save.image" 
"save" "save.image" "sys.save.image" 
"save" "save.image" "sys.save.image" 
"save" "save.image" "sys.save.image" 
"save" "save.image" "sys.save.image" 
"save" "save.image" "sys.save.image" 
"save" "save.image" "sys.save.image" 
"save" "save.image" "sys.save.image" 
"save" "save.image" "sys.save.image" 
"save" "save.image" "sys.save.image" 
"save" "save.image" "sys.save.image" 
"save" "save.image" "sys.save.image" 
